2023-05-27 11:38:57,784 [INFO] Activator:179 - 


2023-05-27 11:38:57,786 [INFO] Activator:180 - !SESSION log4j initialized
2023-05-27 11:39:06,991 [ERROR] ConfigurationRetriever:140 - IOException on connection: citools.st.com
2023-05-27 11:39:06,999 [ERROR] ConfigurationRetriever:140 - IOException on connection: citools.st.com
2023-05-27 11:39:07,000 [ERROR] ConfigurationRetriever:140 - IOException on connection: citools.st.com
2023-05-27 11:39:32,610 [ERROR] LogOutputStream:74 - [STDERR_REDIRECT] SLF4J: Failed to load class "org.slf4j.impl.StaticLoggerBinder".
2023-05-27 11:39:32,611 [ERROR] LogOutputStream:74 - [STDERR_REDIRECT] SLF4J: Defaulting to no-operation (NOP) logger implementation
2023-05-27 11:39:32,616 [ERROR] LogOutputStream:74 - [STDERR_REDIRECT] SLF4J: See http://www.slf4j.org/codes.html#StaticLoggerBinder for further details.
2023-05-27 11:40:56,095 [ERROR] ConfigurationRetriever:140 - IOException on connection: citools.st.com
2023-05-27 11:40:56,096 [ERROR] ConfigurationRetriever:140 - IOException on connection: citools.st.com
2023-05-27 11:40:56,097 [ERROR] ConfigurationRetriever:140 - IOException on connection: citools.st.com
2023-05-27 11:41:10,568 [ERROR] ConfigurationRetriever:140 - IOException on connection: citools.st.com
2023-05-27 11:41:10,568 [ERROR] ConfigurationRetriever:140 - IOException on connection: citools.st.com
2023-05-27 11:41:10,568 [ERROR] ConfigurationRetriever:140 - IOException on connection: citools.st.com
2023-05-27 11:42:42,721 [ERROR] ConfigurationRetriever:140 - IOException on connection: citools.st.com
2023-05-27 11:42:42,721 [ERROR] ConfigurationRetriever:140 - IOException on connection: citools.st.com
2023-05-27 11:42:42,721 [ERROR] ConfigurationRetriever:140 - IOException on connection: citools.st.com
2023-05-27 11:43:53,284 [ERROR] ConfigurationRetriever:140 - IOException on connection: citools.st.com
2023-05-27 11:43:53,300 [ERROR] ConfigurationRetriever:140 - IOException on connection: citools.st.com
2023-05-27 11:43:53,300 [ERROR] ConfigurationRetriever:140 - IOException on connection: citools.st.com
2023-05-27 11:44:03,872 [ERROR] ConfigurationRetriever:140 - IOException on connection: citools.st.com
2023-05-27 11:44:03,872 [ERROR] ConfigurationRetriever:140 - IOException on connection: citools.st.com
2023-05-27 11:44:03,872 [ERROR] ConfigurationRetriever:140 - IOException on connection: citools.st.com
2023-05-27 11:44:10,761 [ERROR] ConfigurationRetriever:140 - IOException on connection: citools.st.com
2023-05-27 11:44:10,761 [ERROR] ConfigurationRetriever:140 - IOException on connection: citools.st.com
2023-05-27 11:44:10,761 [ERROR] ConfigurationRetriever:140 - IOException on connection: citools.st.com
2023-05-27 11:44:20,007 [ERROR] ConfigurationRetriever:140 - IOException on connection: citools.st.com
2023-05-27 11:44:20,007 [ERROR] ConfigurationRetriever:140 - IOException on connection: citools.st.com
2023-05-27 11:44:20,007 [ERROR] ConfigurationRetriever:140 - IOException on connection: citools.st.com
2023-05-27 11:44:34,067 [ERROR] ConfigurationRetriever:140 - IOException on connection: citools.st.com
2023-05-27 11:44:34,067 [ERROR] ConfigurationRetriever:140 - IOException on connection: citools.st.com
2023-05-27 11:44:34,067 [ERROR] ConfigurationRetriever:140 - IOException on connection: citools.st.com
